Vivado Simulator 2019.1
Time resolution is 1 ps
PWM: 0 

PWM: 0 

PWMin: 11111111       PEM_OUT x 

PWM: 1 

PWM: 1 

PWM: 1 

PWMin: 11111111       PEM_OUT 0 

PWM: 1 

PWMin: 11111111       PEM_OUT 0 

PWMin: 11111111       PEM_OUT 0 

PWMin: 11111111       PEM_OUT 0 

PWMin: 11111111       PEM_OUT 0 

PWMin: 11111111       PEM_OUT 0 

PWMin: 11111111       PEM_OUT 0 

PWMin: 11111111       PEM_OUT 0 

PWMin: 11111111       PEM_OUT 0 

PWMin: 11111111       PEM_OUT 0 

PWMin: 11111111       PEM_OUT 0 

PWMin: 11111111       PEM_OUT 0 

PWMin: 11111111       PEM_OUT 0 

PWMin: 11111111       PEM_OUT 0 

PWMin: 11111111       PEM_OUT 0 

PWMin: 11111111       PEM_OUT 0 

PWMin: 11111111       PEM_OUT 0 

PWMin: 11111111       PEM_OUT 0 

PWMin: 11111111       PEM_OUT 0 

PWMin: 11111111       PEM_OUT 0 

PWMin: 11111111       PEM_OUT 0 

PWMin: 11111111       PEM_OUT 0 

PWMin: 11111111       PEM_OUT 0 

PWMin: 11111111       PEM_OUT 0 

PWMin: 11111111       PEM_OUT 0 

PWMin: 11111111       PEM_OUT 0 

PWMin: 11111111       PEM_OUT 0 

PWMin: 11111111       PEM_OUT 0 

PWMin: 11111111       PEM_OUT 0 

PWMin: 11111111       PEM_OUT 0 

PWMin: 11111111       PEM_OUT 0 

PWMin: 11111111       PEM_OUT 0 

PWMin: 11111111       PEM_OUT 0 

PWMin: 11111111       PEM_OUT 0 

PWMin: 11111111       PEM_OUT 0 

PWMin: 11111111       PEM_OUT 0 

PWMin: 11111111       PEM_OUT 0 

PWMin: 11111111       PEM_OUT 0 

PWMin: 11111111       PEM_OUT 0 

PWMin: 11111111       PEM_OUT 0 

PWMin: 11111111       PEM_OUT 0 

PWMin: 11111111       PEM_OUT 0 

PWMin: 11111111       PEM_OUT 0 

PWMin: 11111111       PEM_OUT 0 

PWMin: 11111111       PEM_OUT 0 

PWMin: 11111111       PEM_OUT 0 

PWMin: 11111111       PEM_OUT 0 

PWMin: 11111111       PEM_OUT 0 

PWMin: 11111111       PEM_OUT 0 

PWMin: 11111111       PEM_OUT 0 

PWMin: 11111111       PEM_OUT 0 

PWMin: 11111111       PEM_OUT 0 

PWMin: 11111111       PEM_OUT 0 

PWMin: 11111111       PEM_OUT 0 

PWMin: 11111111       PEM_OUT 0 

PWMin: 11111111       PEM_OUT 0 

PWMin: 11111111       PEM_OUT 0 

PWMin: 11111111       PEM_OUT 0 

PWMin: 11111111       PEM_OUT 0 

PWMin: 11111111       PEM_OUT 0 

PWM: 1 

PWMin: 11111111       PEM_OUT 0 

PWMin: 11111111       PEM_OUT 0 

PWMin: 11111111       PEM_OUT 0 

PWMin: 11111111       PEM_OUT 0 

PWMin: 11111111       PEM_OUT 0 

PWMin: 11111111       PEM_OUT 0 

PWMin: 11111111       PEM_OUT 0 

PWMin: 11111111       PEM_OUT 0 

PWMin: 11111111       PEM_OUT 0 

PWMin: 11111111       PEM_OUT 0 

PWMin: 11111111       PEM_OUT 0 

PWMin: 11111111       PEM_OUT 0 

PWMin: 11111111       PEM_OUT 0 

PWMin: 11111111       PEM_OUT 0 

PWMin: 11111111       PEM_OUT 0 

PWMin: 11111111       PEM_OUT 0 

PWMin: 11111111       PEM_OUT 0 

PWMin: 11111111       PEM_OUT 0 

PWMin: 11111111       PEM_OUT 0 

PWMin: 11111111       PEM_OUT 0 

PWMin: 11111111       PEM_OUT 0 

PWMin: 11111111       PEM_OUT 0 

PWMin: 11111111       PEM_OUT 0 

PWMin: 11111111       PEM_OUT 0 

PWMin: 11111111       PEM_OUT 0 

PWMin: 11111111       PEM_OUT 0 

PWMin: 11111111       PEM_OUT 0 

PWMin: 11111111       PEM_OUT 0 

PWMin: 11111111       PEM_OUT 0 

PWMin: 11111111       PEM_OUT 0 

PWMin: 11111111       PEM_OUT 0 

PWMin: 11111111       PEM_OUT 0 

PWMin: 11111111       PEM_OUT 0 

PWMin: 11111111       PEM_OUT 0 

PWMin: 11111111       PEM_OUT 0 

PWMin: 11111111       PEM_OUT 0 

PWMin: 11111111       PEM_OUT 0 

PWMin: 11111111       PEM_OUT 0 

PWMin: 11111111       PEM_OUT 0 

